<?xml version="1.0" encoding="UTF-8"?>
<robot generator="Robot 4.1.1 (Python 3.9.7 on win32)" generated="20210916 20:59:57.295" rpa="false" schemaversion="2">
<suite id="s1" name="Post" source="C:\qaninja\robot-ms-trello\tasks\tests\specs\post.robot">
<test id="s1-t1" name="Deve criar uma tarefa">
<kw name="Get Auth Token">
<var>${token}</var>
<arg>papito@msn.com</arg>
<arg>pwd123</arg>
<kw name="Create Dictionary" library="BuiltIn">
<var>${user}</var>
<arg>email=${email}</arg>
<arg>password=${password}</arg>
<doc>Creates and returns a dictionary based on the given ``items``.</doc>
<msg timestamp="20210916 20:59:57.422" level="INFO">${user} = {'email': 'papito@msn.com', 'password': 'pwd123'}</msg>
<status status="PASS" starttime="20210916 20:59:57.420" endtime="20210916 20:59:57.422"/>
</kw>
<kw name="POST" library="RequestsLibrary">
<var>${response}</var>
<arg>${USERS_API}/auth</arg>
<arg>json=${user}</arg>
<doc>Sends a POST request.</doc>
<msg timestamp="20210916 20:59:57.459" level="INFO">POST Request : url=http://localhost:3301/auth 
 path_url=/auth 
 headers={'User-Agent': 'python-requests/2.26.0', 'Accept-Encoding': 'gzip, deflate', 'Accept': '*/*', 'Connection': 'keep-alive', 'Content-Length': '49', 'Content-Type': 'application/json'} 
 body=b'{"email": "papito@msn.com", "password": "pwd123"}' 
 </msg>
<msg timestamp="20210916 20:59:57.460" level="INFO">POST Response : url=http://localhost:3301/auth 
 status=200, reason=OK 
 headers={'X-Powered-By': 'Express', 'Access-Control-Allow-Origin': '*', 'Content-Type': 'application/json; charset=utf-8', 'Content-Length': '376', 'ETag': 'W/"178-TcD9tkhAr58oMwJQ66VPZDF5IOM"', 'Date': 'Thu, 16 Sep 2021 23:59:57 GMT', 'Connection': 'keep-alive', 'Keep-Alive': 'timeout=5'} 
 body={"user":{"_id":"6143da77620ca21349fa1003","email":"papito@msn.com","password":"$2b$08$yrv5Ebim9K9mlTAN8kD1OuF2YY40bgp.gViLhy/z./yevXNOx1.rq"},"token":"eyJhbGciOiJIUzI1NiIsInR5cCI6IkpXVCJ9.eyJpZCI6IjYxNDNkYTc3NjIwY2EyMTM0OWZhMTAwMyIsIm93bmVyIjoicGFwaXRvQG1zbi5jb20iLCJpYXQiOjE2MzE4MzY3OTcsImV4cCI6MTYzMjcwMDc5N30.spxd_KVWkcpjiJZxu4WZbbFRu6uFPCjn2BbnU8M0F0Q","expires_in":"10d"} 
 </msg>
<msg timestamp="20210916 20:59:57.460" level="INFO">${response} = &lt;Response [200]&gt;</msg>
<status status="PASS" starttime="20210916 20:59:57.422" endtime="20210916 20:59:57.460"/>
</kw>
<kw name="Set Variable" library="BuiltIn">
<var>${token}</var>
<arg>Bearer ${response.json()}[token]</arg>
<doc>Returns the given values which can then be assigned to a variables.</doc>
<msg timestamp="20210916 20:59:57.461" level="INFO">${token} = Bearer eyJhbGciOiJIUzI1NiIsInR5cCI6IkpXVCJ9.eyJpZCI6IjYxNDNkYTc3NjIwY2EyMTM0OWZhMTAwMyIsIm93bmVyIjoicGFwaXRvQG1zbi5jb20iLCJpYXQiOjE2MzE4MzY3OTcsImV4cCI6MTYzMjcwMDc5N30.spxd_KVWkcpjiJZxu4WZbbFRu6uFPCjn...</msg>
<status status="PASS" starttime="20210916 20:59:57.460" endtime="20210916 20:59:57.462"/>
</kw>
<msg timestamp="20210916 20:59:57.462" level="INFO">${token} = Bearer eyJhbGciOiJIUzI1NiIsInR5cCI6IkpXVCJ9.eyJpZCI6IjYxNDNkYTc3NjIwY2EyMTM0OWZhMTAwMyIsIm93bmVyIjoicGFwaXRvQG1zbi5jb20iLCJpYXQiOjE2MzE4MzY3OTcsImV4cCI6MTYzMjcwMDc5N30.spxd_KVWkcpjiJZxu4WZbbFRu6uFPCjn...</msg>
<status status="PASS" starttime="20210916 20:59:57.420" endtime="20210916 20:59:57.462"/>
</kw>
<kw name="Create Dictionary" library="BuiltIn">
<var>${headers}</var>
<arg>Authorization=${token}</arg>
<doc>Creates and returns a dictionary based on the given ``items``.</doc>
<msg timestamp="20210916 20:59:57.464" level="INFO">${headers} = {'Authorization': 'Bearer eyJhbGciOiJIUzI1NiIsInR5cCI6IkpXVCJ9.eyJpZCI6IjYxNDNkYTc3NjIwY2EyMTM0OWZhMTAwMyIsIm93bmVyIjoicGFwaXRvQG1zbi5jb20iLCJpYXQiOjE2MzE4MzY3OTcsImV4cCI6MTYzMjcwMDc5N30.spxd_KVWkcpji...</msg>
<status status="PASS" starttime="20210916 20:59:57.463" endtime="20210916 20:59:57.464"/>
</kw>
<kw name="Create Dictionary" library="BuiltIn">
<var>${task}</var>
<arg>title=Estudar Nodejs</arg>
<arg>done=false</arg>
<doc>Creates and returns a dictionary based on the given ``items``.</doc>
<msg timestamp="20210916 20:59:57.465" level="INFO">${task} = {'title': 'Estudar Nodejs', 'done': 'false'}</msg>
<status status="PASS" starttime="20210916 20:59:57.465" endtime="20210916 20:59:57.465"/>
</kw>
<kw name="POST" library="RequestsLibrary">
<var>${response}</var>
<arg>${TASKS_API}/tasks</arg>
<arg>json=${task}</arg>
<arg>headers=${headers}</arg>
<doc>Sends a POST request.</doc>
<msg timestamp="20210916 20:59:57.509" level="INFO">POST Request : url=http://localhost:3302/tasks 
 path_url=/tasks 
 headers={'User-Agent': 'python-requests/2.26.0', 'Accept-Encoding': 'gzip, deflate', 'Accept': '*/*', 'Connection': 'keep-alive', 'Authorization': 'Bearer eyJhbGciOiJIUzI1NiIsInR5cCI6IkpXVCJ9.eyJpZCI6IjYxNDNkYTc3NjIwY2EyMTM0OWZhMTAwMyIsIm93bmVyIjoicGFwaXRvQG1zbi5jb20iLCJpYXQiOjE2MzE4MzY3OTcsImV4cCI6MTYzMjcwMDc5N30.spxd_KVWkcpjiJZxu4WZbbFRu6uFPCjn2BbnU8M0F0Q', 'Content-Length': '44', 'Content-Type': 'application/json'} 
 body=b'{"title": "Estudar Nodejs", "done": "false"}' 
 </msg>
<msg timestamp="20210916 20:59:57.509" level="INFO">POST Response : url=http://localhost:3302/tasks 
 status=200, reason=OK 
 headers={'X-Powered-By': 'Express', 'Access-Control-Allow-Origin': '*', 'Content-Type': 'application/json; charset=utf-8', 'Content-Length': '97', 'ETag': 'W/"61-GDYCUrY+Y6206puTiznj9XwGqCQ"', 'Date': 'Thu, 16 Sep 2021 23:59:57 GMT', 'Connection': 'keep-alive', 'Keep-Alive': 'timeout=5'} 
 body={"title":"Estudar Nodejs","owner":"papito@msn.com","done":false,"_id":"6143da7d4a5404343895c206"} 
 </msg>
<msg timestamp="20210916 20:59:57.510" level="INFO">${response} = &lt;Response [200]&gt;</msg>
<status status="PASS" starttime="20210916 20:59:57.465" endtime="20210916 20:59:57.510"/>
</kw>
<kw name="Status Should Be" library="RequestsLibrary">
<arg>200</arg>
<arg>${response}</arg>
<doc>Fails if response status code is different than the expected.</doc>
<status status="PASS" starttime="20210916 20:59:57.510" endtime="20210916 20:59:57.511"/>
</kw>
<status status="PASS" starttime="20210916 20:59:57.420" endtime="20210916 20:59:57.512"/>
</test>
<doc>Testando o método HTTP POST</doc>
<status status="PASS" starttime="20210916 20:59:57.295" endtime="20210916 20:59:57.515"/>
</suite>
<statistics>
<total>
<stat pass="1" fail="0" skip="0">All Tests</stat>
</total>
<tag>
</tag>
<suite>
<stat pass="1" fail="0" skip="0" id="s1" name="Post">Post</stat>
</suite>
</statistics>
<errors>
</errors>
</robot>
